Using pre-set license
Built from '2022.3/staging' branch; Version is '2022.3.15f1 (b58023a2b463) revision 11894819'; Using compiler version '192829333'; Build Type 'Release'
OS: 'Windows 11  (10.0.22621) 64bit CoreSingleLanguage' Language: 'tr' Physical Memory: 16110 MB
BatchMode: 1, IsHumanControllingUs: 0, StartBugReporterOnCrash: 0, Is64bit: 1, IsPro: 1

COMMAND LINE ARGUMENTS:
C:\Program Files\Unity\Hub\Editor\2022.3.15f1\Editor\Unity.exe
-adb2
-batchMode
-noUpm
-name
AssetImportWorker1
-projectPath
D:/911
-logFile
Logs/AssetImportWorker1.log
-srvPort
35635
Successfully changed project path to: D:/911
D:/911
[UnityMemory] Configuration Parameters - Can be set up in boot.config
    "memorysetup-bucket-allocator-granularity=16"
    "memorysetup-bucket-allocator-bucket-count=8"
    "memorysetup-bucket-allocator-block-size=33554432"
    "memorysetup-bucket-allocator-block-count=8"
    "memorysetup-main-allocator-block-size=16777216"
    "memorysetup-thread-allocator-block-size=16777216"
    "memorysetup-gfx-main-allocator-block-size=16777216"
    "memorysetup-gfx-thread-allocator-block-size=16777216"
    "memorysetup-cache-allocator-block-size=4194304"
    "memorysetup-typetree-allocator-block-size=2097152"
    "memorysetup-profiler-bucket-allocator-granularity=16"
    "memorysetup-profiler-bucket-allocator-bucket-count=8"
    "memorysetup-profiler-bucket-allocator-block-size=33554432"
    "memorysetup-profiler-bucket-allocator-block-count=8"
    "memorysetup-profiler-allocator-block-size=16777216"
    "memorysetup-profiler-editor-allocator-block-size=1048576"
    "memorysetup-temp-allocator-size-main=16777216"
    "memorysetup-job-temp-allocator-block-size=2097152"
    "memorysetup-job-temp-allocator-block-size-background=1048576"
    "memorysetup-job-temp-allocator-reduction-small-platforms=262144"
    "memorysetup-allocator-temp-initial-block-size-main=262144"
    "memorysetup-allocator-temp-initial-block-size-worker=262144"
    "memorysetup-temp-allocator-size-background-worker=32768"
    "memorysetup-temp-allocator-size-job-worker=262144"
    "memorysetup-temp-allocator-size-preload-manager=33554432"
    "memorysetup-temp-allocator-size-nav-mesh-worker=65536"
    "memorysetup-temp-allocator-size-audio-worker=65536"
    "memorysetup-temp-allocator-size-cloud-worker=32768"
    "memorysetup-temp-allocator-size-gi-baking-worker=262144"
    "memorysetup-temp-allocator-size-gfx=262144"
Player connection [15604] Host "[IP] 0.0.0.0 [Port] 0 [Flags] 2 [Guid] 545109017 [EditorId] 545109017 [Version] 1048832 [Id] WindowsEditor(7,SIDAR) [Debug] 1 [PackageName] WindowsEditor [ProjectName] Editor" joined multi-casting on [225.0.0.222:54997]...

Player connection [15604] Host "[IP] 0.0.0.0 [Port] 0 [Flags] 2 [Guid] 545109017 [EditorId] 545109017 [Version] 1048832 [Id] WindowsEditor(7,SIDAR) [Debug] 1 [PackageName] WindowsEditor [ProjectName] Editor" joined alternative multi-casting on [225.0.0.222:34997]...

[Physics::Module] Initialized MultithreadedJobDispatcher with 19 workers.
Refreshing native plugins compatible for Editor in 3.30 ms, found 3 plugins.
Preloading 0 native plugins for Editor in 0.00 ms.
Initialize engine version: 2022.3.15f1 (b58023a2b463)
[Subsystems] Discovering subsystems at path C:/Program Files/Unity/Hub/Editor/2022.3.15f1/Editor/Data/Resources/UnitySubsystems
[Subsystems] Discovering subsystems at path D:/911/Assets
GfxDevice: creating device client; threaded=0; jobified=0
Direct3D:
    Version:  Direct3D 11.0 [level 11.1]
    Renderer: Intel(R) Iris(R) Xe Graphics (ID=0x46a6)
    Vendor:   Intel
    VRAM:     8055 MB
    Driver:   31.0.101.3358
Initialize mono
Mono path[0] = 'C:/Program Files/Unity/Hub/Editor/2022.3.15f1/Editor/Data/Managed'
Mono path[1] = 'C:/Program Files/Unity/Hub/Editor/2022.3.15f1/Editor/Data/MonoBleedingEdge/lib/mono/unityjit-win32'
Mono config path = 'C:/Program Files/Unity/Hub/Editor/2022.3.15f1/Editor/Data/MonoBleedingEdge/etc'
Using monoOptions --debugger-agent=transport=dt_socket,embedding=1,server=y,suspend=n,address=127.0.0.1:56360
Begin MonoManager ReloadAssembly
Registering precompiled unity dll's ...
Register platform support module: C:/Program Files/Unity/Hub/Editor/2022.3.15f1/Editor/Data/PlaybackEngines/WindowsStandaloneSupport/UnityEditor.WindowsStandalone.Extensions.dll
Registered in 0.004001 seconds.
- Loaded All Assemblies, in  0.296 seconds
Native extension for WindowsStandalone target not found
Mono: successfully reloaded assembly
- Finished resetting the current domain, in  0.251 seconds
Domain Reload Profiling: 546ms
	BeginReloadAssembly (95ms)
		ExecutionOrderSort (0ms)
		DisableScriptedObjects (0ms)
		BackupInstance (0ms)
		ReleaseScriptingObjects (0ms)
		CreateAndSetChildDomain (1ms)
	RebuildCommonClasses (32ms)
	RebuildNativeTypeToScriptingClass (8ms)
	initialDomainReloadingComplete (43ms)
	LoadAllAssembliesAndSetupDomain (118ms)
		LoadAssemblies (93ms)
		RebuildTransferFunctionScriptingTraits (0ms)
		AnalyzeDomain (116ms)
			TypeCache.Refresh (115ms)
				TypeCache.ScanAssembly (104ms)
			ScanForSourceGeneratedMonoScriptInfo (0ms)
			ResolveRequiredComponents (0ms)
	FinalizeReload (251ms)
		ReleaseScriptCaches (0ms)
		RebuildScriptCaches (0ms)
		SetupLoadedEditorAssemblies (196ms)
			LogAssemblyErrors (0ms)
			InitializePlatformSupportModulesInManaged (10ms)
			SetLoadedEditorAssemblies (6ms)
			RefreshPlugins (0ms)
			BeforeProcessingInitializeOnLoad (2ms)
			ProcessInitializeOnLoadAttributes (136ms)
			ProcessInitializeOnLoadMethodAttributes (41ms)
			AfterProcessingInitializeOnLoad (0ms)
			EditorAssembliesLoaded (0ms)
		ExecutionOrderSort2 (0ms)
		AwakeInstancesAfterBackupRestoration (0ms)
========================================================================
Worker process is ready to serve import requests
Begin MonoManager ReloadAssembly
- Loaded All Assemblies, in  0.810 seconds
Refreshing native plugins compatible for Editor in 1.09 ms, found 3 plugins.
Native extension for WindowsStandalone target not found
Package Manager log level set to [2]
[Package Manager] Server::EnsureServerProcessIsRunning -- launch failed, reason: Unity was launched with the -noUpm command-line argument
[Package Manager] UpmClient::Send -- Unable to send message (not connected to UPM process).
[Package Manager] Cannot connect to Unity Package Manager local server
Mono: successfully reloaded assembly
- Finished resetting the current domain, in  0.473 seconds
Domain Reload Profiling: 1282ms
	BeginReloadAssembly (151ms)
		ExecutionOrderSort (0ms)
		DisableScriptedObjects (4ms)
		BackupInstance (0ms)
		ReleaseScriptingObjects (0ms)
		CreateAndSetChildDomain (24ms)
	RebuildCommonClasses (28ms)
	RebuildNativeTypeToScriptingClass (8ms)
	initialDomainReloadingComplete (47ms)
	LoadAllAssembliesAndSetupDomain (574ms)
		LoadAssemblies (427ms)
		RebuildTransferFunctionScriptingTraits (0ms)
		AnalyzeDomain (236ms)
			TypeCache.Refresh (220ms)
				TypeCache.ScanAssembly (206ms)
			ScanForSourceGeneratedMonoScriptInfo (11ms)
			ResolveRequiredComponents (3ms)
	FinalizeReload (474ms)
		ReleaseScriptCaches (0ms)
		RebuildScriptCaches (0ms)
		SetupLoadedEditorAssemblies (346ms)
			LogAssemblyErrors (0ms)
			InitializePlatformSupportModulesInManaged (4ms)
			SetLoadedEditorAssemblies (3ms)
			RefreshPlugins (0ms)
			BeforeProcessingInitializeOnLoad (43ms)
			ProcessInitializeOnLoadAttributes (270ms)
			ProcessInitializeOnLoadMethodAttributes (22ms)
			AfterProcessingInitializeOnLoad (4ms)
			EditorAssembliesLoaded (0ms)
		ExecutionOrderSort2 (0ms)
		AwakeInstancesAfterBackupRestoration (7ms)
Launched and connected shader compiler UnityShaderCompiler.exe after 0.08 seconds
Refreshing native plugins compatible for Editor in 1.08 ms, found 3 plugins.
Preloading 0 native plugins for Editor in 0.00 ms.
Unloading 3095 Unused Serialized files (Serialized files now loaded: 0)
Unloading 33 unused Assets / (225.8 KB). Loaded Objects now: 3590.
Memory consumption went from 140.1 MB to 139.8 MB.
Total: 2.810000 ms (FindLiveObjects: 0.316100 ms CreateObjectMapping: 0.124200 ms MarkObjects: 2.216400 ms  DeleteObjects: 0.151700 ms)

AssetImportParameters requested are different than current active one (requested -> active):
  custom:container-demuxer-ogg: 62fdf1f143b41e24485cea50d1cbac27 -> 
  custom:video-codec-MediaFoundation-h265: 746d11721c4dcdbdad8f713fa42b33f4 -> 
  custom:video-decoder-ogg-theora: a1e56fd34408186e4bbccfd4996cb3dc -> 
  custom:framework-win-MediaFoundation: 216162199b28c13a410421893ffa2e32 -> 
  custom:CustomObjectIndexerAttribute: 43b350a4d6e6d1791af0b5038c4bea17 -> 
  custom:container-demuxer-webm: 4f35f7cbe854078d1ac9338744f61a02 -> 
  custom:container-muxer-webm: aa71ff27fc2769a1b78a27578f13a17b -> 
  custom:video-decoder-webm-vp8: 9c59270c3fd7afecdb556c50c9e8de78 -> 
  custom:SearchIndexIgnoredProperties: e643bd26f0fe6173181afceb89e7c659 -> 
  custom:AudioImporter_EditorPlatform: d09bf68614088b80899f8185d706f6e7 -> 
  custom:video-encoder-webm-vp8: eb34c28f22e8b96e1ab97ce403110664 -> 
  custom:audio-decoder-ogg-vorbis: bf7c407c2cedff20999df2af8eb42d56 -> 
  custom:audio-encoder-webm-vorbis: bf7c407c2cedff20999df2af8eb42d56 -> 
========================================================================
Received Import Request.
  Time since last request: 22337.960907 seconds.
  path: Assets/RCK 2.3/Skidmarks/Skidmarks Essentials/Materials/Skidmarks.mat
  artifactKey: Guid(c34e96c63d028c046a710f533abc69a1) Importer(815301076,1909f56bfc062723c751e8b465ee728b)
Start importing Assets/RCK 2.3/Skidmarks/Skidmarks Essentials/Materials/Skidmarks.mat using Guid(c34e96c63d028c046a710f533abc69a1) Importer(815301076,1909f56bfc062723c751e8b465ee728b)  -> (artifact id: '7575b67feccf13a2a5a21ea00a8d7ceb') in 0.136709 seconds
Number of updated asset objects reloaded before import = 0
Number of asset objects unloaded after import = 2
========================================================================
Received Import Request.
  Time since last request: 0.000026 seconds.
  path: Assets/RCK 2.3/Skidmarks/Skidmarks Essentials/Skidmarks Material 1.mat
  artifactKey: Guid(c06aabeea45e26141a9e6f4c35c8f416) Importer(815301076,1909f56bfc062723c751e8b465ee728b)
Start importing Assets/RCK 2.3/Skidmarks/Skidmarks Essentials/Skidmarks Material 1.mat using Guid(c06aabeea45e26141a9e6f4c35c8f416) Importer(815301076,1909f56bfc062723c751e8b465ee728b)  -> (artifact id: 'cdb14ce3f85d276d891453f948896f6e') in 0.026683 seconds
Number of updated asset objects reloaded before import = 0
Number of asset objects unloaded after import = 2
========================================================================
Received Import Request.
  Time since last request: 0.000024 seconds.
  path: Assets/Geopipe/Pack01/NYBlock01/Materials/subway_map_11.mat
  artifactKey: Guid(089d8cd90062e426c807956e27629641) Importer(815301076,1909f56bfc062723c751e8b465ee728b)
Start importing Assets/Geopipe/Pack01/NYBlock01/Materials/subway_map_11.mat using Guid(089d8cd90062e426c807956e27629641) Importer(815301076,1909f56bfc062723c751e8b465ee728b)  -> (artifact id: '5d2b19bffd31d5e52f3ddeb80408c616') in 0.049548 seconds
Number of updated asset objects reloaded before import = 0
Number of asset objects unloaded after import = 2
========================================================================
Received Import Request.
  Time since last request: 0.000021 seconds.
  path: Assets/Geopipe/Pack01/NYBlock01/Materials/street_sign.mat
  artifactKey: Guid(adbba56393d1445f39e68b28f677547c) Importer(815301076,1909f56bfc062723c751e8b465ee728b)
Start importing Assets/Geopipe/Pack01/NYBlock01/Materials/street_sign.mat using Guid(adbba56393d1445f39e68b28f677547c) Importer(815301076,1909f56bfc062723c751e8b465ee728b)  -> (artifact id: 'd2dcf78b159824a2f310fefd968c7fe9') in 0.041793 seconds
Number of updated asset objects reloaded before import = 0
Number of asset objects unloaded after import = 2
========================================================================
Received Import Request.
  Time since last request: 0.000023 seconds.
  path: Assets/Geopipe/Pack01/NYBlock01/Materials/terrain_4.mat
  artifactKey: Guid(fcd688e4209254945b501c9bc0ae1311) Importer(815301076,1909f56bfc062723c751e8b465ee728b)
Start importing Assets/Geopipe/Pack01/NYBlock01/Materials/terrain_4.mat using Guid(fcd688e4209254945b501c9bc0ae1311) Importer(815301076,1909f56bfc062723c751e8b465ee728b)  -> (artifact id: '16652829cc5129f10c828cad76be72c1') in 0.035289 seconds
Number of updated asset objects reloaded before import = 0
Number of asset objects unloaded after import = 2
========================================================================
Received Import Request.
  Time since last request: 0.000019 seconds.
  path: Assets/Geopipe/Pack01/NYBlock01/Materials/terrain_11.mat
  artifactKey: Guid(fc6d6768ac262474095f7d97f36bac37) Importer(815301076,1909f56bfc062723c751e8b465ee728b)
Start importing Assets/Geopipe/Pack01/NYBlock01/Materials/terrain_11.mat using Guid(fc6d6768ac262474095f7d97f36bac37) Importer(815301076,1909f56bfc062723c751e8b465ee728b)  -> (artifact id: 'e48122bdbb2d710ef43cb0fc1f9c313e') in 0.029720 seconds
Number of updated asset objects reloaded before import = 0
Number of asset objects unloaded after import = 2
========================================================================
Received Import Request.
  Time since last request: 0.000052 seconds.
  path: Assets/Geopipe/Pack01/NYBlock01/Materials/subway_map_04.mat
  artifactKey: Guid(decb47c1fefde44e1b8f713b96507ad4) Importer(815301076,1909f56bfc062723c751e8b465ee728b)
Start importing Assets/Geopipe/Pack01/NYBlock01/Materials/subway_map_04.mat using Guid(decb47c1fefde44e1b8f713b96507ad4) Importer(815301076,1909f56bfc062723c751e8b465ee728b)  -> (artifact id: 'd7a6bea97b3feace9b8ca82e30909c80') in 0.030559 seconds
Number of updated asset objects reloaded before import = 0
Number of asset objects unloaded after import = 2
========================================================================
Received Import Request.
  Time since last request: 0.000025 seconds.
  path: Assets/Geopipe/Pack01/NYBlock01/Materials/RockefellerPlaza.mat
  artifactKey: Guid(5baca44c253544a79997ee1d7a8f443b) Importer(815301076,1909f56bfc062723c751e8b465ee728b)
Start importing Assets/Geopipe/Pack01/NYBlock01/Materials/RockefellerPlaza.mat using Guid(5baca44c253544a79997ee1d7a8f443b) Importer(815301076,1909f56bfc062723c751e8b465ee728b)  -> (artifact id: '7188c67c6004accc14433d0a10a4927e') in 0.029380 seconds
Number of updated asset objects reloaded before import = 0
Number of asset objects unloaded after import = 2
========================================================================
Received Import Request.
  Time since last request: 0.000020 seconds.
  path: Assets/RCK 2.3/Models/Street/Materials/Tex-8.mat
  artifactKey: Guid(4bf546fa3f0c95541a938c72f85cb194) Importer(815301076,1909f56bfc062723c751e8b465ee728b)
Start importing Assets/RCK 2.3/Models/Street/Materials/Tex-8.mat using Guid(4bf546fa3f0c95541a938c72f85cb194) Importer(815301076,1909f56bfc062723c751e8b465ee728b)  -> (artifact id: '874f924bc31b99befce7ab6919271fd9') in 0.054219 seconds
Number of updated asset objects reloaded before import = 0
Number of asset objects unloaded after import = 3
========================================================================
Received Import Request.
  Time since last request: 0.000025 seconds.
  path: Assets/RCK 2.3/Models/Vahicles/OldCar/Materials/Steer1.mat
  artifactKey: Guid(c00aab976dee20e45876f7d9b9cc6d36) Importer(815301076,1909f56bfc062723c751e8b465ee728b)
Start importing Assets/RCK 2.3/Models/Vahicles/OldCar/Materials/Steer1.mat using Guid(c00aab976dee20e45876f7d9b9cc6d36) Importer(815301076,1909f56bfc062723c751e8b465ee728b)  -> (artifact id: '1b496e21aa420ba0d59effd593018ffc') in 0.132277 seconds
Number of updated asset objects reloaded before import = 0
Number of asset objects unloaded after import = 2
========================================================================
Received Import Request.
  Time since last request: 0.000019 seconds.
  path: Assets/Geopipe/Pack01/NYBlock01/Materials/West52ndStreet.mat
  artifactKey: Guid(81e20f556468e4aacb8fa4e5b0f77cfe) Importer(815301076,1909f56bfc062723c751e8b465ee728b)
Start importing Assets/Geopipe/Pack01/NYBlock01/Materials/West52ndStreet.mat using Guid(81e20f556468e4aacb8fa4e5b0f77cfe) Importer(815301076,1909f56bfc062723c751e8b465ee728b)  -> (artifact id: '1b14dd57dd729014acf386f0d28cf7d3') in 0.025498 seconds
Number of updated asset objects reloaded before import = 0
Number of asset objects unloaded after import = 2
========================================================================
Received Import Request.
  Time since last request: 0.000045 seconds.
  path: Assets/Geopipe/Pack01/NYBlock01/Materials/West44thStreet.mat
  artifactKey: Guid(02446a4414b654e58870dafc38e93ed3) Importer(815301076,1909f56bfc062723c751e8b465ee728b)
Start importing Assets/Geopipe/Pack01/NYBlock01/Materials/West44thStreet.mat using Guid(02446a4414b654e58870dafc38e93ed3) Importer(815301076,1909f56bfc062723c751e8b465ee728b)  -> (artifact id: '1c6a7ba088170b93f5b6d4aecd667660') in 0.028829 seconds
Number of updated asset objects reloaded before import = 0
Number of asset objects unloaded after import = 2
========================================================================
Received Import Request.
  Time since last request: 0.000123 seconds.
  path: Assets/Geopipe/Pack01/NYBlock01/Materials/waste_receptacle0132 - Metal_04t10gpc62ci6en.mat
  artifactKey: Guid(0ad776fa65ee246229a87cc1222d749d) Importer(815301076,1909f56bfc062723c751e8b465ee728b)
Start importing Assets/Geopipe/Pack01/NYBlock01/Materials/waste_receptacle0132 - Metal_04t10gpc62ci6en.mat using Guid(0ad776fa65ee246229a87cc1222d749d) Importer(815301076,1909f56bfc062723c751e8b465ee728b)  -> (artifact id: '57648290e7bbeb9796547bfff961f71b') in 0.017366 seconds
Number of updated asset objects reloaded before import = 0
Number of asset objects unloaded after import = 1
========================================================================
Received Import Request.
  Time since last request: 0.000146 seconds.
  path: Assets/Geopipe/Pack01/NYBlock01/Materials/West48thStreet.mat
  artifactKey: Guid(a6d0319b20b044ed3a2850b8447a47e8) Importer(815301076,1909f56bfc062723c751e8b465ee728b)
Start importing Assets/Geopipe/Pack01/NYBlock01/Materials/West48thStreet.mat using Guid(a6d0319b20b044ed3a2850b8447a47e8) Importer(815301076,1909f56bfc062723c751e8b465ee728b)  -> (artifact id: '7d44b3e993e524696b8ec947a1d54975') in 0.030136 seconds
Number of updated asset objects reloaded before import = 0
Number of asset objects unloaded after import = 2
========================================================================
Received Import Request.
  Time since last request: 0.000019 seconds.
  path: Assets/RCK 2.3/Models/Street/Materials/Tex-6.mat
  artifactKey: Guid(cb7819bc31591854fbb65a1a6ef7f66f) Importer(815301076,1909f56bfc062723c751e8b465ee728b)
Start importing Assets/RCK 2.3/Models/Street/Materials/Tex-6.mat using Guid(cb7819bc31591854fbb65a1a6ef7f66f) Importer(815301076,1909f56bfc062723c751e8b465ee728b)  -> (artifact id: 'fa6c02da38cf1de2f5e1dfe35d063e38') in 0.015830 seconds
Number of updated asset objects reloaded before import = 0
Number of asset objects unloaded after import = 1
========================================================================
Received Import Request.
  Time since last request: 0.000020 seconds.
  path: Assets/RCK 2.3/Models/Street/Materials/Tex-16.mat
  artifactKey: Guid(2f8baf015e0abfc40ad9f19983550a67) Importer(815301076,1909f56bfc062723c751e8b465ee728b)
Start importing Assets/RCK 2.3/Models/Street/Materials/Tex-16.mat using Guid(2f8baf015e0abfc40ad9f19983550a67) Importer(815301076,1909f56bfc062723c751e8b465ee728b)  -> (artifact id: '2a86a95ffdf8509856cac070490ed2fc') in 0.018673 seconds
Number of updated asset objects reloaded before import = 0
Number of asset objects unloaded after import = 2
========================================================================
Received Import Request.
  Time since last request: 0.000021 seconds.
  path: Assets/RCK 2.3/Models/Street/Materials/Tex-4.mat
  artifactKey: Guid(4aa5d003c65cb9b449d3755ec692a7b9) Importer(815301076,1909f56bfc062723c751e8b465ee728b)
Start importing Assets/RCK 2.3/Models/Street/Materials/Tex-4.mat using Guid(4aa5d003c65cb9b449d3755ec692a7b9) Importer(815301076,1909f56bfc062723c751e8b465ee728b)  -> (artifact id: 'b385356535f506ab682fd4c599feee77') in 0.021247 seconds
Number of updated asset objects reloaded before import = 0
Number of asset objects unloaded after import = 2
========================================================================
Received Import Request.
  Time since last request: 0.000019 seconds.
  path: Assets/Geopipe/Pack01/NYBlock01/Materials/terrain_0.mat
  artifactKey: Guid(da8d45f64b57144c486a12764f49d73c) Importer(815301076,1909f56bfc062723c751e8b465ee728b)
Start importing Assets/Geopipe/Pack01/NYBlock01/Materials/terrain_0.mat using Guid(da8d45f64b57144c486a12764f49d73c) Importer(815301076,1909f56bfc062723c751e8b465ee728b)  -> (artifact id: '283ef9a175ce5834a3286a661f179815') in 0.028807 seconds
Number of updated asset objects reloaded before import = 0
Number of asset objects unloaded after import = 2
========================================================================
Received Import Request.
  Time since last request: 0.000040 seconds.
  path: Assets/Geopipe/Pack01/NYBlock01/Materials/tree_2.mat
  artifactKey: Guid(c1c7b1348bb9f4981a94b61866062e8c) Importer(815301076,1909f56bfc062723c751e8b465ee728b)
Start importing Assets/Geopipe/Pack01/NYBlock01/Materials/tree_2.mat using Guid(c1c7b1348bb9f4981a94b61866062e8c) Importer(815301076,1909f56bfc062723c751e8b465ee728b)  -> (artifact id: '2683826bf7f8b2440ffcfa4ba46011a0') in 0.031015 seconds
Number of updated asset objects reloaded before import = 0
Number of asset objects unloaded after import = 2
========================================================================
Received Import Request.
  Time since last request: 0.000020 seconds.
  path: Assets/Geopipe/Pack01/NYBlock01/Materials/West51stStreet.mat
  artifactKey: Guid(119e291a780c74714a12c922aca13ca7) Importer(815301076,1909f56bfc062723c751e8b465ee728b)
Start importing Assets/Geopipe/Pack01/NYBlock01/Materials/West51stStreet.mat using Guid(119e291a780c74714a12c922aca13ca7) Importer(815301076,1909f56bfc062723c751e8b465ee728b)  -> (artifact id: '7c499181b8e6e4b6b9bc620f7bcc06eb') in 0.028688 seconds
Number of updated asset objects reloaded before import = 0
Number of asset objects unloaded after import = 2
========================================================================
Received Import Request.
  Time since last request: 0.000022 seconds.
  path: Assets/RCK 2.3/GUIs/Other/Materials/smoke.mat
  artifactKey: Guid(ef9b1ed2aa2c53b4b82a019a277bf43b) Importer(815301076,1909f56bfc062723c751e8b465ee728b)
Start importing Assets/RCK 2.3/GUIs/Other/Materials/smoke.mat using Guid(ef9b1ed2aa2c53b4b82a019a277bf43b) Importer(815301076,1909f56bfc062723c751e8b465ee728b)  -> (artifact id: 'f63c8c2cdfcfad6aefb7843d8b0ca0a5') in 0.033941 seconds
Number of updated asset objects reloaded before import = 0
Number of asset objects unloaded after import = 2
========================================================================
Received Import Request.
  Time since last request: 0.000032 seconds.
  path: Assets/Geopipe/Pack01/NYBlock01/Materials/tree_6.mat
  artifactKey: Guid(d748028343aaa4ec99d8f1d0f13cd53f) Importer(815301076,1909f56bfc062723c751e8b465ee728b)
Start importing Assets/Geopipe/Pack01/NYBlock01/Materials/tree_6.mat using Guid(d748028343aaa4ec99d8f1d0f13cd53f) Importer(815301076,1909f56bfc062723c751e8b465ee728b)  -> (artifact id: 'f973104025c430d993f809dc84a9d7ad') in 0.028999 seconds
Number of updated asset objects reloaded before import = 0
Number of asset objects unloaded after import = 2
========================================================================
Received Import Request.
  Time since last request: 0.000070 seconds.
  path: Assets/Geopipe/Pack01/NYBlock01/Materials/terrain_15.mat
  artifactKey: Guid(6a256aa617e204dff8b12cbc774ad38c) Importer(815301076,1909f56bfc062723c751e8b465ee728b)
Start importing Assets/Geopipe/Pack01/NYBlock01/Materials/terrain_15.mat using Guid(6a256aa617e204dff8b12cbc774ad38c) Importer(815301076,1909f56bfc062723c751e8b465ee728b)  -> (artifact id: 'b5007ae703a382d00fd05b336f7984f6') in 0.028020 seconds
Number of updated asset objects reloaded before import = 0
Number of asset objects unloaded after import = 2
========================================================================
Received Import Request.
  Time since last request: 0.000023 seconds.
  path: Assets/Geopipe/Pack01/NYBlock01/Materials/subway_map_13.mat
  artifactKey: Guid(fd000b559c1764353b0d7071e6d04700) Importer(815301076,1909f56bfc062723c751e8b465ee728b)
Start importing Assets/Geopipe/Pack01/NYBlock01/Materials/subway_map_13.mat using Guid(fd000b559c1764353b0d7071e6d04700) Importer(815301076,1909f56bfc062723c751e8b465ee728b)  -> (artifact id: 'd0f42f9dcef9cabe58399396bf7908d4') in 0.032026 seconds
Number of updated asset objects reloaded before import = 0
Number of asset objects unloaded after import = 2
========================================================================
Received Import Request.
  Time since last request: 0.137440 seconds.
  path: Assets/RCK 2.3/Models/Vahicles/OldCar/Materials/Wheel.mat
  artifactKey: Guid(b076d5e795b76fb4fabc2fa8eb63af9d) Importer(815301076,1909f56bfc062723c751e8b465ee728b)
Start importing Assets/RCK 2.3/Models/Vahicles/OldCar/Materials/Wheel.mat using Guid(b076d5e795b76fb4fabc2fa8eb63af9d) Importer(815301076,1909f56bfc062723c751e8b465ee728b)  -> (artifact id: 'ebf3ce5684282f1a92e6e5775a148462') in 0.129107 seconds
Number of updated asset objects reloaded before import = 0
Number of asset objects unloaded after import = 2
========================================================================
Received Import Request.
  Time since last request: 0.000232 seconds.
  path: Assets/Geopipe/Pack01/NYBlock01/Materials/windowedFacade_glass_1_diffuse_1024.mat
  artifactKey: Guid(37b125ad989a74088a7e44ab3e21af01) Importer(815301076,1909f56bfc062723c751e8b465ee728b)
Start importing Assets/Geopipe/Pack01/NYBlock01/Materials/windowedFacade_glass_1_diffuse_1024.mat using Guid(37b125ad989a74088a7e44ab3e21af01) Importer(815301076,1909f56bfc062723c751e8b465ee728b)  -> (artifact id: '803c95fe3775e91e1e5b3eb38c7e5247') in 0.054242 seconds
Number of updated asset objects reloaded before import = 0
Number of asset objects unloaded after import = 4
========================================================================
Received Import Request.
  Time since last request: 0.284757 seconds.
  path: Assets/Geopipe/Pack01/NYBlock01/Materials/windowedFacade_metal_1_diffuse_1024.mat
  artifactKey: Guid(07bbcb330993c4584af3c8dfdf38c722) Importer(815301076,1909f56bfc062723c751e8b465ee728b)
Start importing Assets/Geopipe/Pack01/NYBlock01/Materials/windowedFacade_metal_1_diffuse_1024.mat using Guid(07bbcb330993c4584af3c8dfdf38c722) Importer(815301076,1909f56bfc062723c751e8b465ee728b)  -> (artifact id: '38f141024da65442e5a429efd9adc128') in 0.050954 seconds
Number of updated asset objects reloaded before import = 0
Number of asset objects unloaded after import = 4
========================================================================
Received Import Request.
  Time since last request: 0.026266 seconds.
  path: Assets/RCK 2.3/Models/Street/Textures/Grass/Materials/zemin.mat
  artifactKey: Guid(119431940d382cf459923dc760b41c14) Importer(815301076,1909f56bfc062723c751e8b465ee728b)
Start importing Assets/RCK 2.3/Models/Street/Textures/Grass/Materials/zemin.mat using Guid(119431940d382cf459923dc760b41c14) Importer(815301076,1909f56bfc062723c751e8b465ee728b)  -> (artifact id: 'e40331313b1e0145e2bfac26e630be48') in 0.017943 seconds
Number of updated asset objects reloaded before import = 0
Number of asset objects unloaded after import = 1
========================================================================
Received Import Request.
  Time since last request: 8.725100 seconds.
  path: Assets/Geopipe/Pack01/NYBlock01/Materials/East54thStreet.mat
  artifactKey: Guid(987e038fafdfe4073ad5b6ca3cf6581f) Importer(815301076,1909f56bfc062723c751e8b465ee728b)
Start importing Assets/Geopipe/Pack01/NYBlock01/Materials/East54thStreet.mat using Guid(987e038fafdfe4073ad5b6ca3cf6581f) Importer(815301076,1909f56bfc062723c751e8b465ee728b)  -> (artifact id: 'd8155c990ce896f00e51011b7e836ec2') in 0.027542 seconds
Number of updated asset objects reloaded before import = 0
Number of asset objects unloaded after import = 2
========================================================================
Received Import Request.
  Time since last request: 0.000139 seconds.
  path: Assets/Geopipe/Pack01/NYBlock01/Materials/facade_brick_1_diffuse_1024.mat
  artifactKey: Guid(abe3a1a99b06d466197e83f66088855e) Importer(815301076,1909f56bfc062723c751e8b465ee728b)
Start importing Assets/Geopipe/Pack01/NYBlock01/Materials/facade_brick_1_diffuse_1024.mat using Guid(abe3a1a99b06d466197e83f66088855e) Importer(815301076,1909f56bfc062723c751e8b465ee728b)  -> (artifact id: 'f6b12a7aaca85e437eb60faef7e5f98c') in 0.048454 seconds
Number of updated asset objects reloaded before import = 0
Number of asset objects unloaded after import = 4
========================================================================
Received Import Request.
  Time since last request: 0.000019 seconds.
  path: Assets/Geopipe/Pack01/NYBlock01/Materials/facade_glass_1_diffuse_1024.mat
  artifactKey: Guid(7a5aba93ff927417b9d65bb37a3e7a0d) Importer(815301076,1909f56bfc062723c751e8b465ee728b)
Start importing Assets/Geopipe/Pack01/NYBlock01/Materials/facade_glass_1_diffuse_1024.mat using Guid(7a5aba93ff927417b9d65bb37a3e7a0d) Importer(815301076,1909f56bfc062723c751e8b465ee728b)  -> (artifact id: '72679ac6fa6c929b51683957f7543983') in 0.049734 seconds
Number of updated asset objects reloaded before import = 0
Number of asset objects unloaded after import = 4
========================================================================
Received Import Request.
  Time since last request: 0.000015 seconds.
  path: Assets/Geopipe/Pack01/NYBlock01/Materials/facade_plaster_3_diffuse_1024.mat
  artifactKey: Guid(97fedbcb087c54a80b703333a7b6b3e1) Importer(815301076,1909f56bfc062723c751e8b465ee728b)
Start importing Assets/Geopipe/Pack01/NYBlock01/Materials/facade_plaster_3_diffuse_1024.mat using Guid(97fedbcb087c54a80b703333a7b6b3e1) Importer(815301076,1909f56bfc062723c751e8b465ee728b)  -> (artifact id: '321bfce927ee4db10175bc957b92c2c7') in 0.055045 seconds
Number of updated asset objects reloaded before import = 0
Number of asset objects unloaded after import = 4
========================================================================
Received Import Request.
  Time since last request: 0.000021 seconds.
  path: Assets/Geopipe/Pack01/NYBlock01/Materials/facade_plaster_2_diffuse_1024.mat
  artifactKey: Guid(6be9d7f04b89d4dddafbdcbd2f37c2d6) Importer(815301076,1909f56bfc062723c751e8b465ee728b)
Start importing Assets/Geopipe/Pack01/NYBlock01/Materials/facade_plaster_2_diffuse_1024.mat using Guid(6be9d7f04b89d4dddafbdcbd2f37c2d6) Importer(815301076,1909f56bfc062723c751e8b465ee728b)  -> (artifact id: '9ffb14212602d15594660804f272ca2e') in 0.050473 seconds
Number of updated asset objects reloaded before import = 0
Number of asset objects unloaded after import = 4
========================================================================
Received Import Request.
  Time since last request: 13.279794 seconds.
  path: Assets/Geopipe/Pack01/NYBlock01/Textures/ortho10gpc63922.png
  artifactKey: Guid(478c9f358f2a74705aaf41b34b07ed00) Importer(815301076,1909f56bfc062723c751e8b465ee728b)
Start importing Assets/Geopipe/Pack01/NYBlock01/Textures/ortho10gpc63922.png using Guid(478c9f358f2a74705aaf41b34b07ed00) Importer(815301076,1909f56bfc062723c751e8b465ee728b)  -> (artifact id: '870f83337ea6916a44ad81f4655dae01') in 0.025585 seconds
Number of updated asset objects reloaded before import = 0
Number of asset objects unloaded after import = 2
========================================================================
Received Import Request.
  Time since last request: 19.034969 seconds.
  path: Assets/Geopipe/Pack01/NYBlock01/Textures/ortho10gpc63862.png
  artifactKey: Guid(62c71c592f94a461e9f80b8381031807) Importer(815301076,1909f56bfc062723c751e8b465ee728b)
Start importing Assets/Geopipe/Pack01/NYBlock01/Textures/ortho10gpc63862.png using Guid(62c71c592f94a461e9f80b8381031807) Importer(815301076,1909f56bfc062723c751e8b465ee728b)  -> (artifact id: 'f53c094d497bb483280d1a9d7b454608') in 0.029566 seconds
Number of updated asset objects reloaded before import = 0
Number of asset objects unloaded after import = 2
========================================================================
Received Import Request.
  Time since last request: 0.104041 seconds.
  path: Assets/Geopipe/Pack01/NYBlock01/Textures/ortho10gpc63826.png
  artifactKey: Guid(6cc4fb1ce592a496488195130cedda2f) Importer(815301076,1909f56bfc062723c751e8b465ee728b)
Start importing Assets/Geopipe/Pack01/NYBlock01/Textures/ortho10gpc63826.png using Guid(6cc4fb1ce592a496488195130cedda2f) Importer(815301076,1909f56bfc062723c751e8b465ee728b)  -> (artifact id: 'c386cf7895faf0e33eb7d86d2953f77b') in 0.023702 seconds
Number of updated asset objects reloaded before import = 0
Number of asset objects unloaded after import = 2
========================================================================
Received Import Request.
  Time since last request: 0.415870 seconds.
  path: Assets/Geopipe/Pack01/NYBlock01/Textures/ortho10gpc62di2.png
  artifactKey: Guid(9e5fe046416e84a4eb793f9d1e5b35ed) Importer(815301076,1909f56bfc062723c751e8b465ee728b)
Start importing Assets/Geopipe/Pack01/NYBlock01/Textures/ortho10gpc62di2.png using Guid(9e5fe046416e84a4eb793f9d1e5b35ed) Importer(815301076,1909f56bfc062723c751e8b465ee728b)  -> (artifact id: '9ad5bed8a1cb81f543f06a82699789d5') in 0.034237 seconds
Number of updated asset objects reloaded before import = 0
Number of asset objects unloaded after import = 2
========================================================================
Received Import Request.
  Time since last request: 2.069285 seconds.
  path: Assets/Geopipe/Pack01/NYBlock01/Textures/facade_stone_2_specularGlossiness_1024.png
  artifactKey: Guid(ed8aa5dbf60ac4ff297c421da778cee0) Importer(815301076,1909f56bfc062723c751e8b465ee728b)
Start importing Assets/Geopipe/Pack01/NYBlock01/Textures/facade_stone_2_specularGlossiness_1024.png using Guid(ed8aa5dbf60ac4ff297c421da778cee0) Importer(815301076,1909f56bfc062723c751e8b465ee728b)  -> (artifact id: 'fde38b320f6e85afe0ce58e8fa0a88fc') in 0.025346 seconds
Number of updated asset objects reloaded before import = 0
Number of asset objects unloaded after import = 2
========================================================================
Received Import Request.
  Time since last request: 0.263436 seconds.
  path: Assets/Geopipe/Pack01/NYBlock01/Textures/facade_plaster_2_specularGlossiness_1024.png
  artifactKey: Guid(3772848adc4b042959ceb91d3a807db8) Importer(815301076,1909f56bfc062723c751e8b465ee728b)
Start importing Assets/Geopipe/Pack01/NYBlock01/Textures/facade_plaster_2_specularGlossiness_1024.png using Guid(3772848adc4b042959ceb91d3a807db8) Importer(815301076,1909f56bfc062723c751e8b465ee728b)  -> (artifact id: '683f2b5bd886793176d70e1d8368e4fa') in 0.026488 seconds
Number of updated asset objects reloaded before import = 0
Number of asset objects unloaded after import = 2
========================================================================
Received Import Request.
  Time since last request: 0.031367 seconds.
  path: Assets/Geopipe/Pack01/NYBlock01/Textures/facade_metal_1_specularGlossiness_1024.png
  artifactKey: Guid(d55ee747ca7dc459cbabbe6589827ce2) Importer(815301076,1909f56bfc062723c751e8b465ee728b)
Start importing Assets/Geopipe/Pack01/NYBlock01/Textures/facade_metal_1_specularGlossiness_1024.png using Guid(d55ee747ca7dc459cbabbe6589827ce2) Importer(815301076,1909f56bfc062723c751e8b465ee728b)  -> (artifact id: '6aa2194ae7992b1e33d5eddc4e735443') in 0.021672 seconds
Number of updated asset objects reloaded before import = 0
Number of asset objects unloaded after import = 2
========================================================================
Received Import Request.
  Time since last request: 0.303488 seconds.
  path: Assets/Geopipe/Pack01/NYBlock01/Textures/facade_glass_3_specularGlossiness_1024.png
  artifactKey: Guid(2cc969b3f6bb4459097d18033f72834f) Importer(815301076,1909f56bfc062723c751e8b465ee728b)
Start importing Assets/Geopipe/Pack01/NYBlock01/Textures/facade_glass_3_specularGlossiness_1024.png using Guid(2cc969b3f6bb4459097d18033f72834f) Importer(815301076,1909f56bfc062723c751e8b465ee728b)  -> (artifact id: '054b2903276bc733c3cc2d7b33bf5964') in 0.031463 seconds
Number of updated asset objects reloaded before import = 0
Number of asset objects unloaded after import = 2
========================================================================
Received Import Request.
  Time since last request: 2.023020 seconds.
  path: Assets/Geopipe/Pack01/NYBlock01/Textures/facade_glass_1_specularGlossiness_1024.png
  artifactKey: Guid(e969bcc9f11894582a57a42adebedbd5) Importer(815301076,1909f56bfc062723c751e8b465ee728b)
Start importing Assets/Geopipe/Pack01/NYBlock01/Textures/facade_glass_1_specularGlossiness_1024.png using Guid(e969bcc9f11894582a57a42adebedbd5) Importer(815301076,1909f56bfc062723c751e8b465ee728b)  -> (artifact id: '9a197d33b246de02bff3c668ac420ead') in 0.029712 seconds
Number of updated asset objects reloaded before import = 0
Number of asset objects unloaded after import = 2
========================================================================
Received Import Request.
  Time since last request: 0.024309 seconds.
  path: Assets/Geopipe/Pack01/NYBlock01/Textures/facade_concrete_1_specularGlossiness_1024.png
  artifactKey: Guid(fa98ce3c1afe8491195e35a0749f4f55) Importer(815301076,1909f56bfc062723c751e8b465ee728b)
Start importing Assets/Geopipe/Pack01/NYBlock01/Textures/facade_concrete_1_specularGlossiness_1024.png using Guid(fa98ce3c1afe8491195e35a0749f4f55) Importer(815301076,1909f56bfc062723c751e8b465ee728b)  -> (artifact id: '8030c07d5e548d36aa9fc2e9d2b9435f') in 0.020488 seconds
Number of updated asset objects reloaded before import = 0
Number of asset objects unloaded after import = 2
========================================================================
Received Import Request.
  Time since last request: 0.044456 seconds.
  path: Assets/Geopipe/Pack01/NYBlock01/Textures/facade_brick_4_specularGlossiness_1024.png
  artifactKey: Guid(4a89ca92497174991872b63fca4d0ab5) Importer(815301076,1909f56bfc062723c751e8b465ee728b)
Start importing Assets/Geopipe/Pack01/NYBlock01/Textures/facade_brick_4_specularGlossiness_1024.png using Guid(4a89ca92497174991872b63fca4d0ab5) Importer(815301076,1909f56bfc062723c751e8b465ee728b)  -> (artifact id: '9310a753b0c6327498bc015aaaa49aa5') in 0.022642 seconds
Number of updated asset objects reloaded before import = 0
Number of asset objects unloaded after import = 2
========================================================================
Received Import Request.
  Time since last request: 0.197274 seconds.
  path: Assets/Geopipe/Pack01/NYBlock01/Textures/facade_brick_2_specularGlossiness_1024.png
  artifactKey: Guid(8baeabe5f89b245b89ac65db31623460) Importer(815301076,1909f56bfc062723c751e8b465ee728b)
Start importing Assets/Geopipe/Pack01/NYBlock01/Textures/facade_brick_2_specularGlossiness_1024.png using Guid(8baeabe5f89b245b89ac65db31623460) Importer(815301076,1909f56bfc062723c751e8b465ee728b)  -> (artifact id: '15aa1e3b86368b49b03dbd17ed99c527') in 0.031438 seconds
Number of updated asset objects reloaded before import = 0
Number of asset objects unloaded after import = 2
========================================================================
Received Import Request.
  Time since last request: 0.031972 seconds.
  path: Assets/Geopipe/Pack01/NYBlock01/Textures/facade_brick_1_diffuse_1024.png
  artifactKey: Guid(a2496adcf9cdd48c58a38478517c82b6) Importer(815301076,1909f56bfc062723c751e8b465ee728b)
Start importing Assets/Geopipe/Pack01/NYBlock01/Textures/facade_brick_1_diffuse_1024.png using Guid(a2496adcf9cdd48c58a38478517c82b6) Importer(815301076,1909f56bfc062723c751e8b465ee728b)  -> (artifact id: 'b8538fa1edf240f755ba79076d0985c6') in 0.026858 seconds
Number of updated asset objects reloaded before import = 0
Number of asset objects unloaded after import = 2
========================================================================
Received Import Request.
  Time since last request: 0.230120 seconds.
  path: Assets/Geopipe/Pack01/NYBlock01/Textures/East53rdStreet.png
  artifactKey: Guid(7932d334d12e6489993da547b897af1d) Importer(815301076,1909f56bfc062723c751e8b465ee728b)
Start importing Assets/Geopipe/Pack01/NYBlock01/Textures/East53rdStreet.png using Guid(7932d334d12e6489993da547b897af1d) Importer(815301076,1909f56bfc062723c751e8b465ee728b)  -> (artifact id: 'b95d92ef2513430f2122378fba42a93a') in 0.025253 seconds
Number of updated asset objects reloaded before import = 0
Number of asset objects unloaded after import = 2
========================================================================
Received Import Request.
  Time since last request: 0.007842 seconds.
  path: Assets/Geopipe/Pack01/NYBlock01/Textures/East46thStreet.png
  artifactKey: Guid(c98d0e8f7aeb34ba28b48dc0afb628a5) Importer(815301076,1909f56bfc062723c751e8b465ee728b)
Start importing Assets/Geopipe/Pack01/NYBlock01/Textures/East46thStreet.png using Guid(c98d0e8f7aeb34ba28b48dc0afb628a5) Importer(815301076,1909f56bfc062723c751e8b465ee728b)  -> (artifact id: '823cb373581a62925d0374d5293826e6') in 0.018773 seconds
Number of updated asset objects reloaded before import = 0
Number of asset objects unloaded after import = 2
========================================================================
Received Import Request.
  Time since last request: 0.599637 seconds.
  path: Assets/Geopipe/Pack01/NYBlock01/Textures/7thAvenue.png
  artifactKey: Guid(8dd14bb07d29a44b8b22a1cd23f837de) Importer(815301076,1909f56bfc062723c751e8b465ee728b)
Start importing Assets/Geopipe/Pack01/NYBlock01/Textures/7thAvenue.png using Guid(8dd14bb07d29a44b8b22a1cd23f837de) Importer(815301076,1909f56bfc062723c751e8b465ee728b)  -> (artifact id: 'ad31935c535075fbac7a43348c1dcbed') in 0.015093 seconds
Number of updated asset objects reloaded before import = 0
Number of asset objects unloaded after import = 2
========================================================================
Received Import Request.
  Time since last request: 317.771878 seconds.
  path: Assets/KajamansRoads/Free/Obj/l20km_cc2_sl30_t(401509)_rw28_wh15_n1_RsBTW_MeshV00.obj
  artifactKey: Guid(eaa80a420ac74e04cbd3de2123856495) Importer(815301076,1909f56bfc062723c751e8b465ee728b)
Start importing Assets/KajamansRoads/Free/Obj/l20km_cc2_sl30_t(401509)_rw28_wh15_n1_RsBTW_MeshV00.obj using Guid(eaa80a420ac74e04cbd3de2123856495) Importer(815301076,1909f56bfc062723c751e8b465ee728b)  -> (artifact id: '68ca27233b01a122d0082e65f04c9564') in 0.138769 seconds
Number of updated asset objects reloaded before import = 0
Number of asset objects unloaded after import = 28
========================================================================
Received Import Request.
  Time since last request: 0.000027 seconds.
  path: Assets/Geopipe/Pack01/NYBlock01/Models/model-0-0.dae
  artifactKey: Guid(e6c9cc2034d154b14945a29f2aaf20af) Importer(815301076,1909f56bfc062723c751e8b465ee728b)
Start importing Assets/Geopipe/Pack01/NYBlock01/Models/model-0-0.dae using Guid(e6c9cc2034d154b14945a29f2aaf20af) Importer(815301076,1909f56bfc062723c751e8b465ee728b)  -> (artifact id: '148ec17fc087e421277ee0c379e31a66') in 7.557707 seconds
Number of updated asset objects reloaded before import = 0
Number of asset objects unloaded after import = 31973
========================================================================
Received Import Request.
  Time since last request: 1.743261 seconds.
  path: Assets/KajamansRoads/Materials/6RoadMat.mat
  artifactKey: Guid(81d5ef976824ab9448707292bc4a5884) Importer(815301076,1909f56bfc062723c751e8b465ee728b)
Start importing Assets/KajamansRoads/Materials/6RoadMat.mat using Guid(81d5ef976824ab9448707292bc4a5884) Importer(815301076,1909f56bfc062723c751e8b465ee728b)  -> (artifact id: '7c524bbaed9a14a5a8ee89dbc6589fd9') in 0.021622 seconds
Number of updated asset objects reloaded before import = 0
Number of asset objects unloaded after import = 3
========================================================================
Received Import Request.
  Time since last request: 0.001253 seconds.
  path: Assets/KajamansRoads/Materials/GrassMat.mat
  artifactKey: Guid(2e831c083c6337f41b2339e23fbaed5e) Importer(815301076,1909f56bfc062723c751e8b465ee728b)
Start importing Assets/KajamansRoads/Materials/GrassMat.mat using Guid(2e831c083c6337f41b2339e23fbaed5e) Importer(815301076,1909f56bfc062723c751e8b465ee728b)  -> (artifact id: 'a3be8fb020bc7dab483442bd6c3222d0') in 0.017545 seconds
Number of updated asset objects reloaded before import = 0
Number of asset objects unloaded after import = 2
========================================================================
Received Import Request.
  Time since last request: 15.623084 seconds.
  path: Assets/KajamansRoads/Textures/WideTreeLine.png
  artifactKey: Guid(1437ac726a8caf741acb2f78a35f27c9) Importer(815301076,1909f56bfc062723c751e8b465ee728b)
Start importing Assets/KajamansRoads/Textures/WideTreeLine.png using Guid(1437ac726a8caf741acb2f78a35f27c9) Importer(815301076,1909f56bfc062723c751e8b465ee728b)  -> (artifact id: 'ce77fb5b146a2fc449886b939b4af7a2') in 0.017738 seconds
Number of updated asset objects reloaded before import = 0
Number of asset objects unloaded after import = 2
========================================================================
Received Import Request.
  Time since last request: 2.655932 seconds.
  path: Assets/Geopipe/Pack01/NYBlock01/Textures/West51stStreet.png
  artifactKey: Guid(08c7daf44b4bb4ac88ffc6df7e7e4ac3) Importer(815301076,1909f56bfc062723c751e8b465ee728b)
Start importing Assets/Geopipe/Pack01/NYBlock01/Textures/West51stStreet.png using Guid(08c7daf44b4bb4ac88ffc6df7e7e4ac3) Importer(815301076,1909f56bfc062723c751e8b465ee728b)  -> (artifact id: 'f7727372306166b3549029294f2093e1') in 0.018019 seconds
Number of updated asset objects reloaded before import = 0
Number of asset objects unloaded after import = 2
========================================================================
Received Import Request.
  Time since last request: 0.001442 seconds.
  path: Assets/Geopipe/Pack01/NYBlock01/Textures/West55thStreet.png
  artifactKey: Guid(e9da868d551e0473ba7a527c1cae213c) Importer(815301076,1909f56bfc062723c751e8b465ee728b)
Start importing Assets/Geopipe/Pack01/NYBlock01/Textures/West55thStreet.png using Guid(e9da868d551e0473ba7a527c1cae213c) Importer(815301076,1909f56bfc062723c751e8b465ee728b)  -> (artifact id: '5f4708f4c2bf67d80d4c7069f77f748c') in 0.024973 seconds
Number of updated asset objects reloaded before import = 0
Number of asset objects unloaded after import = 2
========================================================================
Received Import Request.
  Time since last request: 0.000107 seconds.
  path: Assets/Geopipe/Pack01/NYBlock01/Textures/windowedFacade_brick_5_normal_1024.png
  artifactKey: Guid(ec5a54f4c42504c2ab72d6dededfe4a1) Importer(815301076,1909f56bfc062723c751e8b465ee728b)
Start importing Assets/Geopipe/Pack01/NYBlock01/Textures/windowedFacade_brick_5_normal_1024.png using Guid(ec5a54f4c42504c2ab72d6dededfe4a1) Importer(815301076,1909f56bfc062723c751e8b465ee728b)  -> (artifact id: 'eb4be8077973ba14fd5ef56d711277eb') in 0.025964 seconds
Number of updated asset objects reloaded before import = 0
Number of asset objects unloaded after import = 2
========================================================================
Received Import Request.
  Time since last request: 0.000018 seconds.
  path: Assets/Geopipe/Pack01/NYBlock01/Textures/windowedFacade_brick_5_diffuse_1024.png
  artifactKey: Guid(17963fba92f314a1da6684352d3031a2) Importer(815301076,1909f56bfc062723c751e8b465ee728b)
Start importing Assets/Geopipe/Pack01/NYBlock01/Textures/windowedFacade_brick_5_diffuse_1024.png using Guid(17963fba92f314a1da6684352d3031a2) Importer(815301076,1909f56bfc062723c751e8b465ee728b)  -> (artifact id: '18b71c1e475f5ed96e9ba249efc88267') in 0.019856 seconds
Number of updated asset objects reloaded before import = 0
Number of asset objects unloaded after import = 2
========================================================================
Received Import Request.
  Time since last request: 0.000158 seconds.
  path: Assets/Geopipe/Pack01/NYBlock01/Textures/windowedFacade_brick_4_specularGlossiness_1024.png
  artifactKey: Guid(865b97f235c2142448c651dd81ea903b) Importer(815301076,1909f56bfc062723c751e8b465ee728b)
Start importing Assets/Geopipe/Pack01/NYBlock01/Textures/windowedFacade_brick_4_specularGlossiness_1024.png using Guid(865b97f235c2142448c651dd81ea903b) Importer(815301076,1909f56bfc062723c751e8b465ee728b)  -> (artifact id: '0b4756aceb4fb3ca2b34328a2effebff') in 0.022932 seconds
Number of updated asset objects reloaded before import = 0
Number of asset objects unloaded after import = 2
========================================================================
Received Import Request.
  Time since last request: 0.000039 seconds.
  path: Assets/Geopipe/Pack01/NYBlock01/Textures/West54thStreet.png
  artifactKey: Guid(40797c786ebf244dfab283ac6f166b95) Importer(815301076,1909f56bfc062723c751e8b465ee728b)
Start importing Assets/Geopipe/Pack01/NYBlock01/Textures/West54thStreet.png using Guid(40797c786ebf244dfab283ac6f166b95) Importer(815301076,1909f56bfc062723c751e8b465ee728b)  -> (artifact id: 'a0908e51a3eeb1baf6f2a2cad9b40538') in 0.024483 seconds
Number of updated asset objects reloaded before import = 0
Number of asset objects unloaded after import = 2
========================================================================
Received Import Request.
  Time since last request: 0.000360 seconds.
  path: Assets/Geopipe/Pack01/NYBlock01/Textures/windowedFacade_brick_1_specularGlossiness_1024.png
  artifactKey: Guid(84f226dc0b82144ee86b594256ac4ac2) Importer(815301076,1909f56bfc062723c751e8b465ee728b)
Start importing Assets/Geopipe/Pack01/NYBlock01/Textures/windowedFacade_brick_1_specularGlossiness_1024.png using Guid(84f226dc0b82144ee86b594256ac4ac2) Importer(815301076,1909f56bfc062723c751e8b465ee728b)  -> (artifact id: '8239dff1107e9f0ac5b1ae2901fbc303') in 0.024634 seconds
Number of updated asset objects reloaded before import = 0
Number of asset objects unloaded after import = 2
========================================================================
Received Import Request.
  Time since last request: 5.124125 seconds.
  path: Assets/Geopipe/Pack01/NYBlock01/Textures/windowedFacade_concrete_1_diffuse_1024.png
  artifactKey: Guid(f2465b15837194d1cb013ad74c4b4caf) Importer(815301076,1909f56bfc062723c751e8b465ee728b)
Start importing Assets/Geopipe/Pack01/NYBlock01/Textures/windowedFacade_concrete_1_diffuse_1024.png using Guid(f2465b15837194d1cb013ad74c4b4caf) Importer(815301076,1909f56bfc062723c751e8b465ee728b)  -> (artifact id: '992d6a4abcd8a2d202a7728bb7f6f467') in 0.041069 seconds
Number of updated asset objects reloaded before import = 0
Number of asset objects unloaded after import = 2
========================================================================
Received Import Request.
  Time since last request: 0.165433 seconds.
  path: Assets/Geopipe/Pack01/NYBlock01/Textures/windowedFacade_glass_1_diffuse_1024.png
  artifactKey: Guid(ee975283e1ebe49c38cba034bd95d952) Importer(815301076,1909f56bfc062723c751e8b465ee728b)
Start importing Assets/Geopipe/Pack01/NYBlock01/Textures/windowedFacade_glass_1_diffuse_1024.png using Guid(ee975283e1ebe49c38cba034bd95d952) Importer(815301076,1909f56bfc062723c751e8b465ee728b)  -> (artifact id: '907018b7c37dc427b7be155fdfb82ae2') in 0.046156 seconds
Number of updated asset objects reloaded before import = 0
Number of asset objects unloaded after import = 2
========================================================================
Received Import Request.
  Time since last request: 0.343750 seconds.
  path: Assets/Geopipe/Pack01/NYBlock01/Textures/windowedFacade_glass_3_diffuse_1024.png
  artifactKey: Guid(c8db62dd00d0f48a0b30b713d3115d95) Importer(815301076,1909f56bfc062723c751e8b465ee728b)
Start importing Assets/Geopipe/Pack01/NYBlock01/Textures/windowedFacade_glass_3_diffuse_1024.png using Guid(c8db62dd00d0f48a0b30b713d3115d95) Importer(815301076,1909f56bfc062723c751e8b465ee728b)  -> (artifact id: 'eb070c0ac8e35edb5c5abdec6a133754') in 0.046231 seconds
Number of updated asset objects reloaded before import = 0
Number of asset objects unloaded after import = 2
========================================================================
Received Import Request.
  Time since last request: 0.313980 seconds.
  path: Assets/Geopipe/Pack01/NYBlock01/Textures/windowedFacade_metal_1_diffuse_1024.png
  artifactKey: Guid(06cc844a877c64e4cafb4734c10b6514) Importer(815301076,1909f56bfc062723c751e8b465ee728b)
Start importing Assets/Geopipe/Pack01/NYBlock01/Textures/windowedFacade_metal_1_diffuse_1024.png using Guid(06cc844a877c64e4cafb4734c10b6514) Importer(815301076,1909f56bfc062723c751e8b465ee728b)  -> (artifact id: '1fff569b9cf4c111843bc808b9e7bb47') in 0.050178 seconds
Number of updated asset objects reloaded before import = 0
Number of asset objects unloaded after import = 2
========================================================================
Received Import Request.
  Time since last request: 0.000019 seconds.
  path: Assets/Geopipe/Pack01/NYBlock01/Textures/windowedFacade_plaster_3_diffuse_1024.png
  artifactKey: Guid(c8ea87a21a3db4ae89e39c85f0d2bfeb) Importer(815301076,1909f56bfc062723c751e8b465ee728b)
Start importing Assets/Geopipe/Pack01/NYBlock01/Textures/windowedFacade_plaster_3_diffuse_1024.png using Guid(c8ea87a21a3db4ae89e39c85f0d2bfeb) Importer(815301076,1909f56bfc062723c751e8b465ee728b)  -> (artifact id: '2e0fb89d0fd611ad0421ae6418102386') in 0.023955 seconds
Number of updated asset objects reloaded before import = 0
Number of asset objects unloaded after import = 2
========================================================================
Received Import Request.
  Time since last request: 0.267456 seconds.
  path: Assets/Geopipe/Pack01/NYBlock01/Textures/windowedFacade_stone_2_diffuse_1024.png
  artifactKey: Guid(91ba3046261aa4fe9bbbebdc8bff70a5) Importer(815301076,1909f56bfc062723c751e8b465ee728b)
Start importing Assets/Geopipe/Pack01/NYBlock01/Textures/windowedFacade_stone_2_diffuse_1024.png using Guid(91ba3046261aa4fe9bbbebdc8bff70a5) Importer(815301076,1909f56bfc062723c751e8b465ee728b)  -> (artifact id: '1aea3eac7a9c90568201a942861278dd') in 0.041101 seconds
Number of updated asset objects reloaded before import = 0
Number of asset objects unloaded after import = 2
========================================================================
Received Prepare
Begin MonoManager ReloadAssembly
- Loaded All Assemblies, in  0.348 seconds
Refreshing native plugins compatible for Editor in 1.03 ms, found 3 plugins.
Native extension for WindowsStandalone target not found
[Package Manager] Server::EnsureServerProcessIsRunning -- launch failed, reason: Unity was launched with the -noUpm command-line argument
[Package Manager] UpmClient::Send -- Unable to send message (not connected to UPM process).
[Package Manager] Cannot connect to Unity Package Manager local server
Mono: successfully reloaded assembly
- Finished resetting the current domain, in  0.656 seconds
Domain Reload Profiling: 1003ms
	BeginReloadAssembly (127ms)
		ExecutionOrderSort (0ms)
		DisableScriptedObjects (3ms)
		BackupInstance (0ms)
		ReleaseScriptingObjects (0ms)
		CreateAndSetChildDomain (34ms)
	RebuildCommonClasses (29ms)
	RebuildNativeTypeToScriptingClass (11ms)
	initialDomainReloadingComplete (21ms)
	LoadAllAssembliesAndSetupDomain (159ms)
		LoadAssemblies (213ms)
		RebuildTransferFunctionScriptingTraits (0ms)
		AnalyzeDomain (11ms)
			TypeCache.Refresh (5ms)
				TypeCache.ScanAssembly (0ms)
			ScanForSourceGeneratedMonoScriptInfo (0ms)
			ResolveRequiredComponents (4ms)
	FinalizeReload (657ms)
		ReleaseScriptCaches (0ms)
		RebuildScriptCaches (0ms)
		SetupLoadedEditorAssemblies (397ms)
			LogAssemblyErrors (0ms)
			InitializePlatformSupportModulesInManaged (4ms)
			SetLoadedEditorAssemblies (3ms)
			RefreshPlugins (0ms)
			BeforeProcessingInitializeOnLoad (44ms)
			ProcessInitializeOnLoadAttributes (308ms)
			ProcessInitializeOnLoadMethodAttributes (30ms)
			AfterProcessingInitializeOnLoad (7ms)
			EditorAssembliesLoaded (0ms)
		ExecutionOrderSort2 (0ms)
		AwakeInstancesAfterBackupRestoration (8ms)
Refreshing native plugins compatible for Editor in 1.31 ms, found 3 plugins.
Preloading 0 native plugins for Editor in 0.00 ms.
Unloading 3082 Unused Serialized files (Serialized files now loaded: 0)
Unloading 24 unused Assets / (198.4 KB). Loaded Objects now: 3643.
Memory consumption went from 155.3 MB to 155.1 MB.
Total: 3.419500 ms (FindLiveObjects: 0.244800 ms CreateObjectMapping: 0.096700 ms MarkObjects: 2.793900 ms  DeleteObjects: 0.281900 ms)

Prepare: number of updated asset objects reloaded= 0
AssetImportParameters requested are different than current active one (requested -> active):
  custom:container-demuxer-ogg: 62fdf1f143b41e24485cea50d1cbac27 -> 
  custom:video-codec-MediaFoundation-h265: 746d11721c4dcdbdad8f713fa42b33f4 -> 
  custom:video-decoder-ogg-theora: a1e56fd34408186e4bbccfd4996cb3dc -> 
  custom:framework-win-MediaFoundation: 216162199b28c13a410421893ffa2e32 -> 
  custom:CustomObjectIndexerAttribute: 43b350a4d6e6d1791af0b5038c4bea17 -> 
  custom:container-demuxer-webm: 4f35f7cbe854078d1ac9338744f61a02 -> 
  custom:container-muxer-webm: aa71ff27fc2769a1b78a27578f13a17b -> 
  custom:video-decoder-webm-vp8: 9c59270c3fd7afecdb556c50c9e8de78 -> 
  custom:SearchIndexIgnoredProperties: e643bd26f0fe6173181afceb89e7c659 -> 
  custom:AudioImporter_EditorPlatform: d09bf68614088b80899f8185d706f6e7 -> 
  custom:video-encoder-webm-vp8: eb34c28f22e8b96e1ab97ce403110664 -> 
  custom:audio-decoder-ogg-vorbis: bf7c407c2cedff20999df2af8eb42d56 -> 
  custom:audio-encoder-webm-vorbis: bf7c407c2cedff20999df2af8eb42d56 -> 
========================================================================
Received Import Request.
  Time since last request: 41.159582 seconds.
  path: Assets/KajamansRoads/Free/Obj/l10km_cc4_sl20_t(12123025)_A87113010_Alley.obj
  artifactKey: Guid(fd4a0cb4c013bfe4490ba77940a5a695) Importer(815301076,1909f56bfc062723c751e8b465ee728b)
Start importing Assets/KajamansRoads/Free/Obj/l10km_cc4_sl20_t(12123025)_A87113010_Alley.obj using Guid(fd4a0cb4c013bfe4490ba77940a5a695) Importer(815301076,1909f56bfc062723c751e8b465ee728b)  -> (artifact id: 'e9da4149ceeaf333d68efe6b2506898f') in 0.097729 seconds
Number of updated asset objects reloaded before import = 0
Number of asset objects unloaded after import = 10
========================================================================
Received Import Request.
  Time since last request: 10.415421 seconds.
  path: Assets/KajamansRoads/Free/Obj/Materials/group0Mat.mat
  artifactKey: Guid(6a3d2b5090542c94b8362b93b0399c6d) Importer(815301076,1909f56bfc062723c751e8b465ee728b)
Start importing Assets/KajamansRoads/Free/Obj/Materials/group0Mat.mat using Guid(6a3d2b5090542c94b8362b93b0399c6d) Importer(815301076,1909f56bfc062723c751e8b465ee728b)  -> (artifact id: '4f4997a1895a19a53e5676c16f43979e') in 0.026540 seconds
Number of updated asset objects reloaded before import = 0
Number of asset objects unloaded after import = 1
========================================================================
Received Import Request.
  Time since last request: 6.629261 seconds.
  path: Assets/KajamansRoads/Free/Prefabs/l10km_cc4_sl20_t(12123025)_rw10_wh3_n3_RsBTW_MeshV00.prefab
  artifactKey: Guid(b0f31f923c387984fbd37ef155b98609) Importer(815301076,1909f56bfc062723c751e8b465ee728b)
Start importing Assets/KajamansRoads/Free/Prefabs/l10km_cc4_sl20_t(12123025)_rw10_wh3_n3_RsBTW_MeshV00.prefab using Guid(b0f31f923c387984fbd37ef155b98609) Importer(815301076,1909f56bfc062723c751e8b465ee728b)  -> (artifact id: '1c7ab8fd43413d3d769b3400dcbe6fb0') in 0.062188 seconds
Number of updated asset objects reloaded before import = 0
Number of asset objects unloaded after import = 16
Editor requested this worker to shutdown with reason: Scaling down because of idle timeout
TcpMessagingSession - receive error: operation aborted. errorcode: 995, details: Bir i parac k veya bir uygulama istei nedeniyle G/ ilemi iptal edildi.
AssetImportWorker is now disconnected from the server
Process exiting
Exiting without the bug reporter. Application will terminate with return code 0